Determining if the pthread_create exist failed with the following output:
Change Dir: /home/lolepls/progetto/build/CMakeFiles/CMakeTmp

Run Build Command:"/usr/bin/make" "cmTC_f2d20/fast"
/usr/bin/make -f CMakeFiles/cmTC_f2d20.dir/build.make CMakeFiles/cmTC_f2d20.dir/build
make[1]: ingresso nella directory "/home/lolepls/progetto/build/CMakeFiles/CMakeTmp"
Building C object CMakeFiles/cmTC_f2d20.dir/CheckSymbolExists.c.o
/usr/bin/cc     -o CMakeFiles/cmTC_f2d20.dir/CheckSymbolExists.c.o   -c /home/lolepls/progetto/build/CMakeFiles/CMakeTmp/CheckSymbolExists.c
Linking C executable cmTC_f2d20
/usr/bin/cmake -E cmake_link_script CMakeFiles/cmTC_f2d20.dir/link.txt --verbose=1
/usr/bin/cc       CMakeFiles/cmTC_f2d20.dir/CheckSymbolExists.c.o  -o cmTC_f2d20 -rdynamic 
CMakeFiles/cmTC_f2d20.dir/CheckSymbolExists.c.o: nella funzione "main":
CheckSymbolExists.c:(.text+0x16): riferimento non definito a "pthread_create"
collect2: error: ld returned 1 exit status
CMakeFiles/cmTC_f2d20.dir/build.make:97: set di istruzioni per l'obiettivo "cmTC_f2d20" non riuscito
make[1]: *** [cmTC_f2d20] Errore 1
make[1]: uscita dalla directory "/home/lolepls/progetto/build/CMakeFiles/CMakeTmp"
Makefile:126: set di istruzioni per l'obiettivo "cmTC_f2d20/fast" non riuscito
make: *** [cmTC_f2d20/fast] Errore 2

File /home/lolepls/progetto/build/CMakeFiles/CMakeTmp/CheckSymbolExists.c:
/* */
#include <pthread.h>

int main(int argc, char** argv)
{
  (void)argv;
#ifndef pthread_create
  return ((int*)(&pthread_create))[argc];
#else
  (void)argc;
  return 0;
#endif
}

Determining if the function pthread_create exists in the pthreads failed with the following output:
Change Dir: /home/lolepls/progetto/build/CMakeFiles/CMakeTmp

Run Build Command:"/usr/bin/make" "cmTC_1a439/fast"
/usr/bin/make -f CMakeFiles/cmTC_1a439.dir/build.make CMakeFiles/cmTC_1a439.dir/build
make[1]: ingresso nella directory "/home/lolepls/progetto/build/CMakeFiles/CMakeTmp"
Building C object CMakeFiles/cmTC_1a439.dir/CheckFunctionExists.c.o
/usr/bin/cc    -DCHECK_FUNCTION_EXISTS=pthread_create   -o CMakeFiles/cmTC_1a439.dir/CheckFunctionExists.c.o   -c /usr/share/cmake-3.5/Modules/CheckFunctionExists.c
Linking C executable cmTC_1a439
/usr/bin/cmake -E cmake_link_script CMakeFiles/cmTC_1a439.dir/link.txt --verbose=1
/usr/bin/cc   -DCHECK_FUNCTION_EXISTS=pthread_create    CMakeFiles/cmTC_1a439.dir/CheckFunctionExists.c.o  -o cmTC_1a439 -rdynamic -lpthreads 
/usr/bin/ld: impossibile trovare -lpthreads
collect2: error: ld returned 1 exit status
CMakeFiles/cmTC_1a439.dir/build.make:97: set di istruzioni per l'obiettivo "cmTC_1a439" non riuscito
make[1]: *** [cmTC_1a439] Errore 1
make[1]: uscita dalla directory "/home/lolepls/progetto/build/CMakeFiles/CMakeTmp"
Makefile:126: set di istruzioni per l'obiettivo "cmTC_1a439/fast" non riuscito
make: *** [cmTC_1a439/fast] Errore 2


